# JRE version: Java(TM) SE Runtime Environment (8.0_261-b12) (build 1.8.0_261-b12)
# Java VM: Java HotSpot(TM) 64-Bit Server VM (25.261-b12 mixed mode windows-amd64 compressed oops)
Heap:
 PSYoungGen      total 127488K, used 114782K [0x00000000f5580000, 0x0000000100000000, 0x0000000100000000)
  eden space 103936K, 87% used [0x00000000f5580000,0x00000000fae9d6e8,0x00000000fbb00000)
  from space 23552K, 99% used [0x00000000fe900000,0x00000000ffffa4c0,0x0000000100000000)
  to   space 35328K, 0% used [0x00000000fbb00000,0x00000000fbb00000,0x00000000fdd80000)
 ParOldGen       total 278016K, used 56861K [0x00000000e0000000, 0x00000000f0f80000, 0x00000000f5580000)
  object space 278016K, 20% used [0x00000000e0000000,0x00000000e3787768,0x00000000f0f80000)
 Metaspace       used 69065K, capacity 73640K, committed 73856K, reserved 1112064K
  class space    used 9747K, capacity 10793K, committed 10880K, reserved 1048576K
GC Heap History (10 events):
Event: 50.537 GC heap before
{Heap before GC invocations=13 (full 2):
 PSYoungGen      total 146432K, used 38267K [0x00000000f5580000, 0x0000000100000000, 0x0000000100000000)
  eden space 130560K, 17% used [0x00000000f5580000,0x00000000f6b60538,0x00000000fd500000)
  from space 15872K, 99% used [0x00000000fe900000,0x00000000ff87e850,0x00000000ff880000)
  to   space 20480K, 0% used [0x00000000fd500000,0x00000000fd500000,0x00000000fe900000)
 ParOldGen       total 195072K, used 30299K [0x00000000e0000000, 0x00000000ebe80000, 0x00000000f5580000)
  object space 195072K, 15% used [0x00000000e0000000,0x00000000e1d96dd0,0x00000000ebe80000)
 Metaspace       used 56632K, capacity 59086K, committed 59160K, reserved 1099776K
  class space    used 7958K, capacity 8562K, committed 8576K, reserved 1048576K
Event: 50.580 GC heap after
Heap after GC invocations=13 (full 2):
 PSYoungGen      total 151040K, used 18969K [0x00000000f5580000, 0x0000000100000000, 0x0000000100000000)
  eden space 130560K, 0% used [0x00000000f5580000,0x00000000f5580000,0x00000000fd500000)
  from space 20480K, 92% used [0x00000000fd500000,0x00000000fe786700,0x00000000fe900000)
  to   space 22528K, 0% used [0x00000000fea00000,0x00000000fea00000,0x0000000100000000)
 ParOldGen       total 195072K, used 30307K [0x00000000e0000000, 0x00000000ebe80000, 0x00000000f5580000)
  object space 195072K, 15% used [0x00000000e0000000,0x00000000e1d98dd0,0x00000000ebe80000)
 Metaspace       used 56632K, capacity 59086K, committed 59160K, reserved 1099776K
  class space    used 7958K, capacity 8562K, committed 8576K, reserved 1048576K
}
Event: 50.580 GC heap before
{Heap before GC invocations=14 (full 3):
 PSYoungGen      total 151040K, used 18969K [0x00000000f5580000, 0x0000000100000000, 0x0000000100000000)
  eden space 130560K, 0% used [0x00000000f5580000,0x00000000f5580000,0x00000000fd500000)
  from space 20480K, 92% used [0x00000000fd500000,0x00000000fe786700,0x00000000fe900000)
  to   space 22528K, 0% used [0x00000000fea00000,0x00000000fea00000,0x0000000100000000)
 ParOldGen       total 195072K, used 30307K [0x00000000e0000000, 0x00000000ebe80000, 0x00000000f5580000)
  object space 195072K, 15% used [0x00000000e0000000,0x00000000e1d98dd0,0x00000000ebe80000)
 Metaspace       used 56632K, capacity 59086K, committed 59160K, reserved 1099776K
  class space    used 7958K, capacity 8562K, committed 8576K, reserved 1048576K
Event: 50.999 GC heap after
Heap after GC invocations=14 (full 3):
 PSYoungGen      total 151040K, used 0K [0x00000000f5580000, 0x0000000100000000, 0x0000000100000000)
  eden space 130560K, 0% used [0x00000000f5580000,0x00000000f5580000,0x00000000fd500000)
  from space 20480K, 0% used [0x00000000fd500000,0x00000000fd500000,0x00000000fe900000)
  to   space 22528K, 0% used [0x00000000fea00000,0x00000000fea00000,0x0000000100000000)
 ParOldGen       total 278016K, used 37093K [0x00000000e0000000, 0x00000000f0f80000, 0x00000000f5580000)
  object space 278016K, 13% used [0x00000000e0000000,0x00000000e2439410,0x00000000f0f80000)
 Metaspace       used 56619K, capacity 59044K, committed 59160K, reserved 1099776K
  class space    used 7954K, capacity 8555K, committed 8576K, reserved 1048576K
}
Event: 55.683 GC heap before
{Heap before GC invocations=15 (full 3):
 PSYoungGen      total 151040K, used 130560K [0x00000000f5580000, 0x0000000100000000, 0x0000000100000000)
  eden space 130560K, 100% used [0x00000000f5580000,0x00000000fd500000,0x00000000fd500000)
  from space 20480K, 0% used [0x00000000fd500000,0x00000000fd500000,0x00000000fe900000)
  to   space 22528K, 0% used [0x00000000fea00000,0x00000000fea00000,0x0000000100000000)
 ParOldGen       total 278016K, used 37093K [0x00000000e0000000, 0x00000000f0f80000, 0x00000000f5580000)
  object space 278016K, 13% used [0x00000000e0000000,0x00000000e2439410,0x00000000f0f80000)
 Metaspace       used 61768K, capacity 65178K, committed 65280K, reserved 1105920K
  class space    used 8788K, capacity 9664K, committed 9728K, reserved 1048576K
Event: 55.717 GC heap after
Heap after GC invocations=15 (full 3):
 PSYoungGen      total 150016K, used 16950K [0x00000000f5580000, 0x0000000100000000, 0x0000000100000000)
  eden space 127488K, 0% used [0x00000000f5580000,0x00000000f5580000,0x00000000fd200000)
  from space 22528K, 75% used [0x00000000fea00000,0x00000000ffa8da08,0x0000000100000000)
  to   space 23552K, 0% used [0x00000000fd200000,0x00000000fd200000,0x00000000fe900000)
 ParOldGen       total 278016K, used 37101K [0x00000000e0000000, 0x00000000f0f80000, 0x00000000f5580000)
  object space 278016K, 13% used [0x00000000e0000000,0x00000000e243b410,0x00000000f0f80000)
 Metaspace       used 61768K, capacity 65178K, committed 65280K, reserved 1105920K
  class space    used 8788K, capacity 9664K, committed 9728K, reserved 1048576K
}
Event: 60.197 GC heap before
{Heap before GC invocations=16 (full 3):
 PSYoungGen      total 150016K, used 144438K [0x00000000f5580000, 0x0000000100000000, 0x0000000100000000)
  eden space 127488K, 100% used [0x00000000f5580000,0x00000000fd200000,0x00000000fd200000)
  from space 22528K, 75% used [0x00000000fea00000,0x00000000ffa8da08,0x0000000100000000)
  to   space 23552K, 0% used [0x00000000fd200000,0x00000000fd200000,0x00000000fe900000)
 ParOldGen       total 278016K, used 37101K [0x00000000e0000000, 0x00000000f0f80000, 0x00000000f5580000)
  object space 278016K, 13% used [0x00000000e0000000,0x00000000e243b410,0x00000000f0f80000)
 Metaspace       used 65391K, capacity 69078K, committed 69376K, reserved 1107968K
  class space    used 9206K, capacity 10124K, committed 10240K, reserved 1048576K
Event: 60.256 GC heap after
Heap after GC invocations=16 (full 3):
 PSYoungGen      total 151040K, used 23521K [0x00000000f5580000, 0x0000000100000000, 0x0000000100000000)
  eden space 127488K, 0% used [0x00000000f5580000,0x00000000f5580000,0x00000000fd200000)
  from space 23552K, 99% used [0x00000000fd200000,0x00000000fe8f84d0,0x00000000fe900000)
  to   space 23552K, 0% used [0x00000000fe900000,0x00000000fe900000,0x0000000100000000)
 ParOldGen       total 278016K, used 49244K [0x00000000e0000000, 0x00000000f0f80000, 0x00000000f5580000)
  object space 278016K, 17% used [0x00000000e0000000,0x00000000e30171a8,0x00000000f0f80000)
 Metaspace       used 65391K, capacity 69078K, committed 69376K, reserved 1107968K
  class space    used 9206K, capacity 10124K, committed 10240K, reserved 1048576K
}
Event: 69.124 GC heap before
{Heap before GC invocations=17 (full 3):
 PSYoungGen      total 151040K, used 151009K [0x00000000f5580000, 0x0000000100000000, 0x0000000100000000)
  eden space 127488K, 100% used [0x00000000f5580000,0x00000000fd200000,0x00000000fd200000)
  from space 23552K, 99% used [0x00000000fd200000,0x00000000fe8f84d0,0x00000000fe900000)
  to   space 23552K, 0% used [0x00000000fe900000,0x00000000fe900000,0x0000000100000000)
 ParOldGen       total 278016K, used 49244K [0x00000000e0000000, 0x00000000f0f80000, 0x00000000f5580000)
  object space 278016K, 17% used [0x00000000e0000000,0x00000000e30171a8,0x00000000f0f80000)
 Metaspace       used 67567K, capacity 71852K, committed 72064K, reserved 1110016K
  class space    used 9523K, capacity 10523K, committed 10624K, reserved 1048576K
Event: 69.177 GC heap after
Heap after GC invocations=17 (full 3):
 PSYoungGen      total 127488K, used 23529K [0x00000000f5580000, 0x0000000100000000, 0x0000000100000000)
  eden space 103936K, 0% used [0x00000000f5580000,0x00000000f5580000,0x00000000fbb00000)
  from space 23552K, 99% used [0x00000000fe900000,0x00000000ffffa4c0,0x0000000100000000)
  to   space 35328K, 0% used [0x00000000fbb00000,0x00000000fbb00000,0x00000000fdd80000)
 ParOldGen       total 278016K, used 56861K [0x00000000e0000000, 0x00000000f0f80000, 0x00000000f5580000)
  object space 278016K, 20% used [0x00000000e0000000,0x00000000e3787768,0x00000000f0f80000)
 Metaspace       used 67567K, capacity 71852K, committed 72064K, reserved 1110016K
  class space    used 9523K, capacity 10523K, committed 10624K, reserved 1048576K
}

